This is pdfTeX, Version 3.14159265-2.6-1.40.19 (MiKTeX 2.9.6630 64-bit) (preloaded format=pdflatex 2018.4.17)  17 APR 2018 13:50
entering extended mode
**./first_latex.tex
(first_latex.tex
LaTeX2e <2017-04-15>
Babel <3.18> and hyphenation patterns for 75 language(s) loaded.
("C:\Users\andre\AppData\Local\Programs\MiKTeX 2.9\tex\latex\base\article.cls"
Document Class: article 2014/09/29 v1.4h Standard LaTeX document class
("C:\Users\andre\AppData\Local\Programs\MiKTeX 2.9\tex\latex\base\size10.clo"
File: size10.clo 2014/09/29 v1.4h Standard LaTeX file (size option)
)
\c@part=\count79
\c@section=\count80
\c@subsection=\count81
\c@subsubsection=\count82
\c@paragraph=\count83
\c@subparagraph=\count84
\c@figure=\count85
\c@table=\count86
\abovecaptionskip=\skip41
\belowcaptionskip=\skip42
\bibindent=\dimen102
)
("C:\Users\andre\AppData\Local\Programs\MiKTeX 2.9\tex\latex\apacite\apacite.st
y"
Package: apacite 2013/07/21 v6.03 APA citation
\c@BibCnt=\count87
\bibleftmargin=\skip43
\bibindent=\skip44
\bibparsep=\skip45
\bibitemsep=\skip46
\biblabelsep=\skip47
) (first_latex.aux)
\openout1 = `first_latex.aux'.

LaTeX Font Info:    Checking defaults for OML/cmm/m/it on input line 6.
LaTeX Font Info:    ... okay on input line 6.
LaTeX Font Info:    Checking defaults for T1/cmr/m/n on input line 6.
LaTeX Font Info:    ... okay on input line 6.
LaTeX Font Info:    Checking defaults for OT1/cmr/m/n on input line 6.
LaTeX Font Info:    ... okay on input line 6.
LaTeX Font Info:    Checking defaults for OMS/cmsy/m/n on input line 6.
LaTeX Font Info:    ... okay on input line 6.
LaTeX Font Info:    Checking defaults for OMX/cmex/m/n on input line 6.
LaTeX Font Info:    ... okay on input line 6.
LaTeX Font Info:    Checking defaults for U/cmr/m/n on input line 6.
LaTeX Font Info:    ... okay on input line 6.
\c@maskedRefs=\count88

("C:\Users\andre\AppData\Local\Programs\MiKTeX 2.9\tex\latex\apacite\english.ap
c"
File: english.apc 2013/07/21 v6.03 apacite language file
LaTeX Info: Redefining \BPBI on input line 129.
LaTeX Info: Redefining \BHBI on input line 130.
)
LaTeX Font Info:    External font `cmex10' loaded for size
(Font)              <12> on input line 7.
LaTeX Font Info:    External font `cmex10' loaded for size
(Font)              <8> on input line 7.
LaTeX Font Info:    External font `cmex10' loaded for size
(Font)              <6> on input line 7.


LaTeX Warning: Citation `vidal_tokenizing_2017' undefined on input line 9.

(first_latex.bbl
Underfull \hbox (badness 10000) in paragraph at lines 14--27
[]\OT1/cmr/m/n/10 Vidal, M.  (2017, July).  \OT1/cmr/m/it/10 To-k-eniz-ing real
 es-tate
 []


Underfull \hbox (badness 10000) in paragraph at lines 14--27
\OT1/cmr/m/it/10 on the blockchain.  \OT1/cmr/m/n/10 Re-trieved 2018-03-02, fro
m
 []


Overfull \hbox (131.4961pt too wide) in paragraph at lines 14--27
\OT1/cmtt/m/n/10 https://medium.com/@mariat.vidal/tokenizing-real-estate-on-the
-blockchain-9a13ae99bf11
 []


Underfull \hbox (badness 10000) in paragraph at lines 14--27

 []

) [1

{C:/Users/andre/AppData/Local/MiKTeX/2.9/pdftex/config/pdftex.map}]
(first_latex.aux)

LaTeX Warning: There were undefined references.

 ) 
Here is how much of TeX's memory you used:
 684 strings out of 493305
 8620 string characters out of 3129802
 66330 words of memory out of 3000000
 4297 multiletter control sequences out of 15000+200000
 7794 words of font info for 28 fonts, out of 3000000 for 9000
 1141 hyphenation exceptions out of 8191
 23i,6n,17p,171b,187s stack positions out of 5000i,500n,10000p,200000b,50000s
<C:/Users/andre/AppData/Local/Programs/MiKTeX 2.9/fonts/type1/public/amsfonts
/cm/cmbx12.pfb><C:/Users/andre/AppData/Local/Programs/MiKTeX 2.9/fonts/type1/pu
blic/amsfonts/cm/cmr10.pfb><C:/Users/andre/AppData/Local/Programs/MiKTeX 2.9/fo
nts/type1/public/amsfonts/cm/cmr12.pfb><C:/Users/andre/AppData/Local/Programs/M
iKTeX 2.9/fonts/type1/public/amsfonts/cm/cmr17.pfb><C:/Users/andre/AppData/Loca
l/Programs/MiKTeX 2.9/fonts/type1/public/amsfonts/cm/cmti10.pfb><C:/Users/andre
/AppData/Local/Programs/MiKTeX 2.9/fonts/type1/public/amsfonts/cm/cmtt10.pfb>
Output written on first_latex.pdf (1 page, 76536 bytes).
PDF statistics:
 30 PDF objects out of 1000 (max. 8388607)
 0 named destinations out of 1000 (max. 500000)
 1 words of extra memory for PDF output out of 10000 (max. 10000000)

